<?xml version="1.0" encoding="UTF-8"?>
<testng-results ignored="0" total="6" passed="4" failed="2" skipped="0">
  <reporter-output>
    <line>
      <![CDATA[Firefox ir palaists]]>
    </line>
    <line>
      <![CDATA[1. Chrome LADP lapa ir atvērta]]>
    </line>
    <line>
      <![CDATA[2. Atrod meklēšanas lauku]]>
    </line>
    <line>
      <![CDATA[3. Ievada vakances]]>
    </line>
    <line>
      <![CDATA[4. Spiež meklēt]]>
    </line>
    <line>
      <![CDATA[Edge ir palaists]]>
    </line>
    <line>
      <![CDATA[1. Chrome LADP lapa ir atvērta]]>
    </line>
    <line>
      <![CDATA[2. Atrod meklēšanas lauku]]>
    </line>
    <line>
      <![CDATA[3. Ievada vakances]]>
    </line>
    <line>
      <![CDATA[4. Spiež meklēt]]>
    </line>
    <line>
      <![CDATA[5. Pauze 5 sec]]>
    </line>
    <line>
      <![CDATA[6. Spiež pirmo rezultātu/vakances]]>
    </line>
    <line>
      <![CDATA[7. Spiež uz pirmo resursu]]>
    </line>
    <line>
      <![CDATA[8. Aiziet uz datumu kad pēdējo reizi mainīts]]>
    </line>
    <line>
      <![CDATA[9. Spiež breadcrumb home]]>
    </line>
    <line>
      <![CDATA[10. Pauze 5 sek]]>
    </line>
    <line>
      <![CDATA[11. Meklē Izsludinātie iepirkumi (e-konkursi)]]>
    </line>
    <line>
      <![CDATA[12. Spiež meklēt]]>
    </line>
    <line>
      <![CDATA[13. Pauze 5 sek]]>
    </line>
    <line>
      <![CDATA[14. Spiež uz pirmā rezultāta]]>
    </line>
    <line>
      <![CDATA[15. Pauze 5 sek]]>
    </line>
    <line>
      <![CDATA[16. Spiež uz 2023 datiem]]>
    </line>
    <line>
      <![CDATA[17. Aiziet uz datumu kad pēdējo reizi mainīts]]>
    </line>
    <line>
      <![CDATA[18. Spiež Datu API]]>
    </line>
    <line>
      <![CDATA[19. Pauze 2 sek]]>
    </line>
    <line>
      <![CDATA[ Lapa ir aizvērta]]>
    </line>
    <line>
      <![CDATA[Chrome ir palaists]]>
    </line>
    <line>
      <![CDATA[1. Chrome LADP lapa ir atvērta]]>
    </line>
    <line>
      <![CDATA[2. Atrod meklēšanas lauku]]>
    </line>
    <line>
      <![CDATA[3. Ievada vakances]]>
    </line>
    <line>
      <![CDATA[4. Spiež meklēt]]>
    </line>
    <line>
      <![CDATA[5. Pauze 5 sec]]>
    </line>
    <line>
      <![CDATA[6. Spiež pirmo rezultātu/vakances]]>
    </line>
    <line>
      <![CDATA[7. Spiež uz pirmo resursu]]>
    </line>
    <line>
      <![CDATA[8. Aiziet uz datumu kad pēdējo reizi mainīts]]>
    </line>
    <line>
      <![CDATA[9. Spiež breadcrumb home]]>
    </line>
    <line>
      <![CDATA[10. Pauze 5 sek]]>
    </line>
    <line>
      <![CDATA[11. Meklē Izsludinātie iepirkumi (e-konkursi)]]>
    </line>
    <line>
      <![CDATA[12. Spiež meklēt]]>
    </line>
    <line>
      <![CDATA[13. Pauze 5 sek]]>
    </line>
    <line>
      <![CDATA[14. Spiež uz pirmā rezultāta]]>
    </line>
    <line>
      <![CDATA[15. Pauze 5 sek]]>
    </line>
    <line>
      <![CDATA[16. Spiež uz 2023 datiem]]>
    </line>
    <line>
      <![CDATA[17. Aiziet uz datumu kad pēdējo reizi mainīts]]>
    </line>
    <line>
      <![CDATA[18. Spiež Datu API]]>
    </line>
    <line>
      <![CDATA[19. Pauze 2 sek]]>
    </line>
    <line>
      <![CDATA[ Lapa ir aizvērta]]>
    </line>
    <line>
      <![CDATA[Firefox ir palaists]]>
    </line>
    <line>
      <![CDATA[1. Chrome RAIM lapa ir atvērta]]>
    </line>
    <line>
      <![CDATA[Chrome ir palaists]]>
    </line>
    <line>
      <![CDATA[1. Chrome RAIM lapa ir atvērta]]>
    </line>
    <line>
      <![CDATA[2. Sīkdatnes apstiprinātas ]]>
    </line>
    <line>
      <![CDATA[3. Izvēlas Iedzīvotāju skaits (PMLP)]]>
    </line>
    <line>
      <![CDATA[4. Atver /list]]>
    </line>
    <line>
      <![CDATA[5. Spiež lejuplādēt ]]>
    </line>
    <line>
      <![CDATA[6. Pauze 5 sec]]>
    </line>
    <line>
      <![CDATA[7. Spiež atlasīt]]>
    </line>
    <line>
      <![CDATA[8. Atver /thematic-analysis]]>
    </line>
    <line>
      <![CDATA[9. Spiež Par ES fondu...]]>
    </line>
    <line>
      <![CDATA[10. Pauze 3 sec]]>
    </line>
    <line>
      <![CDATA[ Lapa ir aizvērta]]>
    </line>
    <line>
      <![CDATA[Edge ir palaists]]>
    </line>
    <line>
      <![CDATA[1. Chrome RAIM lapa ir atvērta]]>
    </line>
    <line>
      <![CDATA[2. Sīkdatnes apstiprinātas ]]>
    </line>
    <line>
      <![CDATA[3. Izvēlas Iedzīvotāju skaits (PMLP)]]>
    </line>
    <line>
      <![CDATA[4. Atver /list]]>
    </line>
    <line>
      <![CDATA[5. Spiež lejuplādēt ]]>
    </line>
    <line>
      <![CDATA[6. Pauze 5 sec]]>
    </line>
    <line>
      <![CDATA[7. Spiež atlasīt]]>
    </line>
    <line>
      <![CDATA[8. Atver /thematic-analysis]]>
    </line>
    <line>
      <![CDATA[9. Spiež Par ES fondu...]]>
    </line>
    <line>
      <![CDATA[10. Pauze 3 sec]]>
    </line>
    <line>
      <![CDATA[ Lapa ir aizvērta]]>
    </line>
  </reporter-output>
  <suite started-at="2023-10-05T16:58:04 EEST" name="Default Suite" finished-at="2023-10-05T16:59:55 EEST" duration-ms="111169">
    <groups>
    </groups>
    <test started-at="2023-10-05T16:58:04 EEST" name="SC_Test" finished-at="2023-10-05T16:59:55 EEST" duration-ms="111169">
      <class name="RUN_ALL.RAIM_POM_TMONS">
        <test-method signature="Raim_Fire_TMON()[pri:1, instance:RUN_ALL.RAIM_POM_TMONS@7205765b]" started-at="2023-10-05T16:59:11 EEST" name="Raim_Fire_TMON" finished-at="2023-10-05T16:59:25 EEST" duration-ms="14041" status="FAIL">
          <exception class="org.openqa.selenium.NoSuchElementException">
            <message>
              <![CDATA[Unable to locate element: //*[text()='Apstiprināt visas']
For documentation on this error, please visit: https://www.selenium.dev/documentation/webdriver/troubleshooting/errors#no-such-element-exception
Build info: version: '4.11.0', revision: '040bc5406b'
System info: os.name: 'Windows Server 2019', os.arch: 'amd64', os.version: '10.0', java.version: '21'
Driver info: org.openqa.selenium.firefox.FirefoxDriver
Command: [45a1657e-2b34-400d-b642-80a786eecad3, findElement {using=xpath, value=//*[text()='Apstiprināt visas']}]
Capabilities {acceptInsecureCerts: true, browserName: firefox, browserVersion: 118.0.1, moz:accessibilityChecks: false, moz:buildID: 20230927232528, moz:debuggerAddress: 127.0.0.1:34337, moz:geckodriverVersion: 0.33.0, moz:headless: false, moz:platformVersion: 10.0, moz:processID: 33920, moz:profile: C:\Users\PETERI~1.TRO\AppDa..., moz:shutdownTimeout: 60000, moz:webdriverClick: true, moz:windowless: false, pageLoadStrategy: normal, platformName: windows, proxy: Proxy(), se:cdp: ws://127.0.0.1:34337/devtoo..., se:cdpVersion: 85.0, setWindowRect: true, strictFileInteractability: false, timeouts: {implicit: 0, pageLoad: 300000, script: 30000}, unhandledPromptBehavior: dismiss and notify}
Session ID: 45a1657e-2b34-400d-b642-80a786eecad3]]>
            </message>
            <full-stacktrace>
              <![CDATA[org.openqa.selenium.NoSuchElementException: Unable to locate element: //*[text()='Apstiprināt visas']
For documentation on this error, please visit: https://www.selenium.dev/documentation/webdriver/troubleshooting/errors#no-such-element-exception
Build info: version: '4.11.0', revision: '040bc5406b'
System info: os.name: 'Windows Server 2019', os.arch: 'amd64', os.version: '10.0', java.version: '21'
Driver info: org.openqa.selenium.firefox.FirefoxDriver
Command: [45a1657e-2b34-400d-b642-80a786eecad3, findElement {using=xpath, value=//*[text()='Apstiprināt visas']}]
Capabilities {acceptInsecureCerts: true, browserName: firefox, browserVersion: 118.0.1, moz:accessibilityChecks: false, moz:buildID: 20230927232528, moz:debuggerAddress: 127.0.0.1:34337, moz:geckodriverVersion: 0.33.0, moz:headless: false, moz:platformVersion: 10.0, moz:processID: 33920, moz:profile: C:\Users\PETERI~1.TRO\AppDa..., moz:shutdownTimeout: 60000, moz:webdriverClick: true, moz:windowless: false, pageLoadStrategy: normal, platformName: windows, proxy: Proxy(), se:cdp: ws://127.0.0.1:34337/devtoo..., se:cdpVersion: 85.0, setWindowRect: true, strictFileInteractability: false, timeouts: {implicit: 0, pageLoad: 300000, script: 30000}, unhandledPromptBehavior: dismiss and notify}
Session ID: 45a1657e-2b34-400d-b642-80a786eecad3
at java.base/jdk.internal.reflect.DirectConstructorHandleAccessor.newInstance(DirectConstructorHandleAccessor.java:62)
at java.base/java.lang.reflect.Constructor.newInstanceWithCaller(Constructor.java:502)
at java.base/java.lang.reflect.Constructor.newInstance(Constructor.java:486)
at org.openqa.selenium.remote.codec.w3c.W3CHttpResponseCodec.createException(W3CHttpResponseCodec.java:200)
at org.openqa.selenium.remote.codec.w3c.W3CHttpResponseCodec.decode(W3CHttpResponseCodec.java:133)
at org.openqa.selenium.remote.codec.w3c.W3CHttpResponseCodec.decode(W3CHttpResponseCodec.java:52)
at org.openqa.selenium.remote.HttpCommandExecutor.execute(HttpCommandExecutor.java:191)
at org.openqa.selenium.remote.service.DriverCommandExecutor.invokeExecute(DriverCommandExecutor.java:196)
at org.openqa.selenium.remote.service.DriverCommandExecutor.execute(DriverCommandExecutor.java:171)
at org.openqa.selenium.remote.RemoteWebDriver.execute(RemoteWebDriver.java:518)
at org.openqa.selenium.remote.ElementLocation$ElementFinder$2.findElement(ElementLocation.java:165)
at org.openqa.selenium.remote.ElementLocation.findElement(ElementLocation.java:59)
at org.openqa.selenium.remote.RemoteWebDriver.findElement(RemoteWebDriver.java:355)
at org.openqa.selenium.remote.RemoteWebDriver.findElement(RemoteWebDriver.java:349)
at pages.RAIM_homeLapa.apstiprinaSīkdatnes(RAIM_homeLapa.java:22)
at RUN_ALL.RAIM_POM_TMONS.Raim_Fire_TMON(RAIM_POM_TMONS.java:31)
at java.base/jdk.internal.reflect.DirectMethodHandleAccessor.invoke(DirectMethodHandleAccessor.java:103)
at java.base/java.lang.reflect.Method.invoke(Method.java:580)
at org.testng.internal.invokers.MethodInvocationHelper.invokeMethod(MethodInvocationHelper.java:139)
at org.testng.internal.invokers.TestInvoker.invokeMethod(TestInvoker.java:664)
at org.testng.internal.invokers.TestInvoker.invokeTestMethod(TestInvoker.java:227)
at org.testng.internal.invokers.MethodRunner.runInSequence(MethodRunner.java:50)
at org.testng.internal.invokers.TestInvoker$MethodInvocationAgent.invoke(TestInvoker.java:957)
at org.testng.internal.invokers.TestInvoker.invokeTestMethods(TestInvoker.java:200)
at org.testng.internal.invokers.TestMethodWorker.invokeTestMethods(TestMethodWorker.java:148)
at org.testng.internal.invokers.TestMethodWorker.run(TestMethodWorker.java:128)
at java.base/java.util.ArrayList.forEach(ArrayList.java:1596)
at org.testng.TestRunner.privateRun(TestRunner.java:848)
at org.testng.TestRunner.run(TestRunner.java:621)
at org.testng.SuiteRunner.runTest(SuiteRunner.java:443)
at org.testng.SuiteRunner.runSequentially(SuiteRunner.java:437)
at org.testng.SuiteRunner.privateRun(SuiteRunner.java:397)
at org.testng.SuiteRunner.run(SuiteRunner.java:336)
at org.testng.SuiteRunnerWorker.runSuite(SuiteRunnerWorker.java:52)
at org.testng.SuiteRunnerWorker.run(SuiteRunnerWorker.java:95)
at org.testng.TestNG.runSuitesSequentially(TestNG.java:1280)
at org.testng.TestNG.runSuitesLocally(TestNG.java:1200)
at org.testng.TestNG.runSuites(TestNG.java:1114)
at org.testng.TestNG.run(TestNG.java:1082)
at com.intellij.rt.testng.IDEARemoteTestNG.run(IDEARemoteTestNG.java:66)
at com.intellij.rt.testng.RemoteTestNGStarter.main(RemoteTestNGStarter.java:105)
]]>
            </full-stacktrace>
          </exception> <!-- org.openqa.selenium.NoSuchElementException -->
          <reporter-output>
            <line>
              <![CDATA[Firefox ir palaists]]>
            </line>
            <line>
              <![CDATA[1. Chrome RAIM lapa ir atvērta]]>
            </line>
          </reporter-output>
        </test-method> <!-- Raim_Fire_TMON -->
        <test-method signature="Raim_Crome_TMON()[pri:2, instance:RUN_ALL.RAIM_POM_TMONS@7205765b]" started-at="2023-10-05T16:59:25 EEST" name="Raim_Crome_TMON" finished-at="2023-10-05T16:59:38 EEST" duration-ms="12284" status="PASS">
          <reporter-output>
            <line>
              <![CDATA[Chrome ir palaists]]>
            </line>
            <line>
              <![CDATA[1. Chrome RAIM lapa ir atvērta]]>
            </line>
            <line>
              <![CDATA[2. Sīkdatnes apstiprinātas ]]>
            </line>
            <line>
              <![CDATA[3. Izvēlas Iedzīvotāju skaits (PMLP)]]>
            </line>
            <line>
              <![CDATA[4. Atver /list]]>
            </line>
            <line>
              <![CDATA[5. Spiež lejuplādēt ]]>
            </line>
            <line>
              <![CDATA[6. Pauze 5 sec]]>
            </line>
            <line>
              <![CDATA[7. Spiež atlasīt]]>
            </line>
            <line>
              <![CDATA[8. Atver /thematic-analysis]]>
            </line>
            <line>
              <![CDATA[9. Spiež Par ES fondu...]]>
            </line>
            <line>
              <![CDATA[10. Pauze 3 sec]]>
            </line>
            <line>
              <![CDATA[ Lapa ir aizvērta]]>
            </line>
          </reporter-output>
        </test-method> <!-- Raim_Crome_TMON -->
        <test-method signature="Raim_Edge_TMON()[pri:3, instance:RUN_ALL.RAIM_POM_TMONS@7205765b]" started-at="2023-10-05T16:59:38 EEST" name="Raim_Edge_TMON" finished-at="2023-10-05T16:59:55 EEST" duration-ms="17790" status="PASS">
          <reporter-output>
            <line>
              <![CDATA[Edge ir palaists]]>
            </line>
            <line>
              <![CDATA[1. Chrome RAIM lapa ir atvērta]]>
            </line>
            <line>
              <![CDATA[2. Sīkdatnes apstiprinātas ]]>
            </line>
            <line>
              <![CDATA[3. Izvēlas Iedzīvotāju skaits (PMLP)]]>
            </line>
            <line>
              <![CDATA[4. Atver /list]]>
            </line>
            <line>
              <![CDATA[5. Spiež lejuplādēt ]]>
            </line>
            <line>
              <![CDATA[6. Pauze 5 sec]]>
            </line>
            <line>
              <![CDATA[7. Spiež atlasīt]]>
            </line>
            <line>
              <![CDATA[8. Atver /thematic-analysis]]>
            </line>
            <line>
              <![CDATA[9. Spiež Par ES fondu...]]>
            </line>
            <line>
              <![CDATA[10. Pauze 3 sec]]>
            </line>
            <line>
              <![CDATA[ Lapa ir aizvērta]]>
            </line>
          </reporter-output>
        </test-method> <!-- Raim_Edge_TMON -->
      </class> <!-- RUN_ALL.RAIM_POM_TMONS -->
      <class name="RUN_ALL.LADP_POM_TMONS">
        <test-method signature="LADP_FireTmons()[pri:1, instance:RUN_ALL.LADP_POM_TMONS@47faa49c]" started-at="2023-10-05T16:58:04 EEST" name="LADP_FireTmons" finished-at="2023-10-05T16:58:29 EEST" duration-ms="24866" status="FAIL">
          <exception class="org.openqa.selenium.NoSuchSessionException">
            <message>
              <![CDATA[WebDriver session does not exist, or is not active
Build info: version: '4.11.0', revision: '040bc5406b'
System info: os.name: 'Windows Server 2019', os.arch: 'amd64', os.version: '10.0', java.version: '21'
Driver info: org.openqa.selenium.firefox.FirefoxDriver
Command: [6a792ca1-c111-4744-8be5-b539b2f7a88a, setTimeout {implicit=5000}]
Capabilities {acceptInsecureCerts: true, browserName: firefox, browserVersion: 118.0.1, moz:accessibilityChecks: false, moz:buildID: 20230927232528, moz:debuggerAddress: 127.0.0.1:33803, moz:geckodriverVersion: 0.33.0, moz:headless: false, moz:platformVersion: 10.0, moz:processID: 45168, moz:profile: C:\Users\PETERI~1.TRO\AppDa..., moz:shutdownTimeout: 60000, moz:webdriverClick: true, moz:windowless: false, pageLoadStrategy: normal, platformName: windows, proxy: Proxy(), se:cdp: ws://127.0.0.1:33803/devtoo..., se:cdpVersion: 85.0, setWindowRect: true, strictFileInteractability: false, timeouts: {implicit: 0, pageLoad: 300000, script: 30000}, unhandledPromptBehavior: dismiss and notify}
Session ID: 6a792ca1-c111-4744-8be5-b539b2f7a88a]]>
            </message>
            <full-stacktrace>
              <![CDATA[org.openqa.selenium.NoSuchSessionException: WebDriver session does not exist, or is not active
Build info: version: '4.11.0', revision: '040bc5406b'
System info: os.name: 'Windows Server 2019', os.arch: 'amd64', os.version: '10.0', java.version: '21'
Driver info: org.openqa.selenium.firefox.FirefoxDriver
Command: [6a792ca1-c111-4744-8be5-b539b2f7a88a, setTimeout {implicit=5000}]
Capabilities {acceptInsecureCerts: true, browserName: firefox, browserVersion: 118.0.1, moz:accessibilityChecks: false, moz:buildID: 20230927232528, moz:debuggerAddress: 127.0.0.1:33803, moz:geckodriverVersion: 0.33.0, moz:headless: false, moz:platformVersion: 10.0, moz:processID: 45168, moz:profile: C:\Users\PETERI~1.TRO\AppDa..., moz:shutdownTimeout: 60000, moz:webdriverClick: true, moz:windowless: false, pageLoadStrategy: normal, platformName: windows, proxy: Proxy(), se:cdp: ws://127.0.0.1:33803/devtoo..., se:cdpVersion: 85.0, setWindowRect: true, strictFileInteractability: false, timeouts: {implicit: 0, pageLoad: 300000, script: 30000}, unhandledPromptBehavior: dismiss and notify}
Session ID: 6a792ca1-c111-4744-8be5-b539b2f7a88a
at java.base/jdk.internal.reflect.DirectConstructorHandleAccessor.newInstance(DirectConstructorHandleAccessor.java:62)
at java.base/java.lang.reflect.Constructor.newInstanceWithCaller(Constructor.java:502)
at java.base/java.lang.reflect.Constructor.newInstance(Constructor.java:486)
at org.openqa.selenium.remote.codec.w3c.W3CHttpResponseCodec.createException(W3CHttpResponseCodec.java:200)
at org.openqa.selenium.remote.codec.w3c.W3CHttpResponseCodec.decode(W3CHttpResponseCodec.java:133)
at org.openqa.selenium.remote.codec.w3c.W3CHttpResponseCodec.decode(W3CHttpResponseCodec.java:52)
at org.openqa.selenium.remote.HttpCommandExecutor.execute(HttpCommandExecutor.java:191)
at org.openqa.selenium.remote.service.DriverCommandExecutor.invokeExecute(DriverCommandExecutor.java:196)
at org.openqa.selenium.remote.service.DriverCommandExecutor.execute(DriverCommandExecutor.java:171)
at org.openqa.selenium.remote.RemoteWebDriver.execute(RemoteWebDriver.java:518)
at org.openqa.selenium.remote.RemoteWebDriver$RemoteWebDriverOptions$RemoteTimeouts.implicitlyWait(RemoteWebDriver.java:878)
at org.openqa.selenium.remote.RemoteWebDriver$RemoteWebDriverOptions$RemoteTimeouts.implicitlyWait(RemoteWebDriver.java:873)
at pages.LADP_homeLapa.ievadaVakances(LADP_homeLapa.java:47)
at RUN_ALL.LADP_POM_TMONS.LADP_FireTmons(LADP_POM_TMONS.java:30)
at java.base/jdk.internal.reflect.DirectMethodHandleAccessor.invoke(DirectMethodHandleAccessor.java:103)
at java.base/java.lang.reflect.Method.invoke(Method.java:580)
at org.testng.internal.invokers.MethodInvocationHelper.invokeMethod(MethodInvocationHelper.java:139)
at org.testng.internal.invokers.TestInvoker.invokeMethod(TestInvoker.java:664)
at org.testng.internal.invokers.TestInvoker.invokeTestMethod(TestInvoker.java:227)
at org.testng.internal.invokers.MethodRunner.runInSequence(MethodRunner.java:50)
at org.testng.internal.invokers.TestInvoker$MethodInvocationAgent.invoke(TestInvoker.java:957)
at org.testng.internal.invokers.TestInvoker.invokeTestMethods(TestInvoker.java:200)
at org.testng.internal.invokers.TestMethodWorker.invokeTestMethods(TestMethodWorker.java:148)
at org.testng.internal.invokers.TestMethodWorker.run(TestMethodWorker.java:128)
at java.base/java.util.ArrayList.forEach(ArrayList.java:1596)
at org.testng.TestRunner.privateRun(TestRunner.java:848)
at org.testng.TestRunner.run(TestRunner.java:621)
at org.testng.SuiteRunner.runTest(SuiteRunner.java:443)
at org.testng.SuiteRunner.runSequentially(SuiteRunner.java:437)
at org.testng.SuiteRunner.privateRun(SuiteRunner.java:397)
at org.testng.SuiteRunner.run(SuiteRunner.java:336)
at org.testng.SuiteRunnerWorker.runSuite(SuiteRunnerWorker.java:52)
at org.testng.SuiteRunnerWorker.run(SuiteRunnerWorker.java:95)
at org.testng.TestNG.runSuitesSequentially(TestNG.java:1280)
at org.testng.TestNG.runSuitesLocally(TestNG.java:1200)
at org.testng.TestNG.runSuites(TestNG.java:1114)
at org.testng.TestNG.run(TestNG.java:1082)
at com.intellij.rt.testng.IDEARemoteTestNG.run(IDEARemoteTestNG.java:66)
at com.intellij.rt.testng.RemoteTestNGStarter.main(RemoteTestNGStarter.java:105)
]]>
            </full-stacktrace>
          </exception> <!-- org.openqa.selenium.NoSuchSessionException -->
          <reporter-output>
            <line>
              <![CDATA[Firefox ir palaists]]>
            </line>
            <line>
              <![CDATA[1. Chrome LADP lapa ir atvērta]]>
            </line>
            <line>
              <![CDATA[2. Atrod meklēšanas lauku]]>
            </line>
            <line>
              <![CDATA[3. Ievada vakances]]>
            </line>
            <line>
              <![CDATA[4. Spiež meklēt]]>
            </line>
          </reporter-output>
        </test-method> <!-- LADP_FireTmons -->
        <test-method signature="LADP_EdgeTmons()[pri:2, instance:RUN_ALL.LADP_POM_TMONS@47faa49c]" started-at="2023-10-05T16:58:30 EEST" name="LADP_EdgeTmons" finished-at="2023-10-05T16:58:54 EEST" duration-ms="24219" status="PASS">
          <reporter-output>
            <line>
              <![CDATA[Edge ir palaists]]>
            </line>
            <line>
              <![CDATA[1. Chrome LADP lapa ir atvērta]]>
            </line>
            <line>
              <![CDATA[2. Atrod meklēšanas lauku]]>
            </line>
            <line>
              <![CDATA[3. Ievada vakances]]>
            </line>
            <line>
              <![CDATA[4. Spiež meklēt]]>
            </line>
            <line>
              <![CDATA[5. Pauze 5 sec]]>
            </line>
            <line>
              <![CDATA[6. Spiež pirmo rezultātu/vakances]]>
            </line>
            <line>
              <![CDATA[7. Spiež uz pirmo resursu]]>
            </line>
            <line>
              <![CDATA[8. Aiziet uz datumu kad pēdējo reizi mainīts]]>
            </line>
            <line>
              <![CDATA[9. Spiež breadcrumb home]]>
            </line>
            <line>
              <![CDATA[10. Pauze 5 sek]]>
            </line>
            <line>
              <![CDATA[11. Meklē Izsludinātie iepirkumi (e-konkursi)]]>
            </line>
            <line>
              <![CDATA[12. Spiež meklēt]]>
            </line>
            <line>
              <![CDATA[13. Pauze 5 sek]]>
            </line>
            <line>
              <![CDATA[14. Spiež uz pirmā rezultāta]]>
            </line>
            <line>
              <![CDATA[15. Pauze 5 sek]]>
            </line>
            <line>
              <![CDATA[16. Spiež uz 2023 datiem]]>
            </line>
            <line>
              <![CDATA[17. Aiziet uz datumu kad pēdējo reizi mainīts]]>
            </line>
            <line>
              <![CDATA[18. Spiež Datu API]]>
            </line>
            <line>
              <![CDATA[19. Pauze 2 sek]]>
            </line>
            <line>
              <![CDATA[ Lapa ir aizvērta]]>
            </line>
          </reporter-output>
        </test-method> <!-- LADP_EdgeTmons -->
        <test-method signature="LADP_chromeTmons()[pri:3, instance:RUN_ALL.LADP_POM_TMONS@47faa49c]" started-at="2023-10-05T16:58:54 EEST" name="LADP_chromeTmons" finished-at="2023-10-05T16:59:11 EEST" duration-ms="17529" status="PASS">
          <reporter-output>
            <line>
              <![CDATA[Chrome ir palaists]]>
            </line>
            <line>
              <![CDATA[1. Chrome LADP lapa ir atvērta]]>
            </line>
            <line>
              <![CDATA[2. Atrod meklēšanas lauku]]>
            </line>
            <line>
              <![CDATA[3. Ievada vakances]]>
            </line>
            <line>
              <![CDATA[4. Spiež meklēt]]>
            </line>
            <line>
              <![CDATA[5. Pauze 5 sec]]>
            </line>
            <line>
              <![CDATA[6. Spiež pirmo rezultātu/vakances]]>
            </line>
            <line>
              <![CDATA[7. Spiež uz pirmo resursu]]>
            </line>
            <line>
              <![CDATA[8. Aiziet uz datumu kad pēdējo reizi mainīts]]>
            </line>
            <line>
              <![CDATA[9. Spiež breadcrumb home]]>
            </line>
            <line>
              <![CDATA[10. Pauze 5 sek]]>
            </line>
            <line>
              <![CDATA[11. Meklē Izsludinātie iepirkumi (e-konkursi)]]>
            </line>
            <line>
              <![CDATA[12. Spiež meklēt]]>
            </line>
            <line>
              <![CDATA[13. Pauze 5 sek]]>
            </line>
            <line>
              <![CDATA[14. Spiež uz pirmā rezultāta]]>
            </line>
            <line>
              <![CDATA[15. Pauze 5 sek]]>
            </line>
            <line>
              <![CDATA[16. Spiež uz 2023 datiem]]>
            </line>
            <line>
              <![CDATA[17. Aiziet uz datumu kad pēdējo reizi mainīts]]>
            </line>
            <line>
              <![CDATA[18. Spiež Datu API]]>
            </line>
            <line>
              <![CDATA[19. Pauze 2 sek]]>
            </line>
            <line>
              <![CDATA[ Lapa ir aizvērta]]>
            </line>
          </reporter-output>
        </test-method> <!-- LADP_chromeTmons -->
      </class> <!-- RUN_ALL.LADP_POM_TMONS -->
    </test> <!-- SC_Test -->
  </suite> <!-- Default Suite -->
</testng-results>
