<?xml version="1.0" encoding="UTF-8"?>
<testng-results ignored="0" total="6" passed="6" failed="0" skipped="0">
  <reporter-output>
    <line>
      <![CDATA[Firefox ir palaists]]>
    </line>
    <line>
      <![CDATA[1. Chrome LADP lapa ir atvērta]]>
    </line>
    <line>
      <![CDATA[2. Atrod meklēšanas lauku]]>
    </line>
    <line>
      <![CDATA[3. Ievada vakances]]>
    </line>
    <line>
      <![CDATA[4. Spiež meklēt]]>
    </line>
    <line>
      <![CDATA[5. Pauze 5 sec]]>
    </line>
    <line>
      <![CDATA[6. Spiež pirmo rezultātu/vakances]]>
    </line>
    <line>
      <![CDATA[7. Spiež uz pirmo resursu]]>
    </line>
    <line>
      <![CDATA[8. Aiziet uz datumu kad pēdējo reizi mainīts]]>
    </line>
    <line>
      <![CDATA[9. Spiež breadcrumb home]]>
    </line>
    <line>
      <![CDATA[10. Pauze 5 sek]]>
    </line>
    <line>
      <![CDATA[11. Meklē Izsludinātie iepirkumi (e-konkursi)]]>
    </line>
    <line>
      <![CDATA[12. Spiež meklēt]]>
    </line>
    <line>
      <![CDATA[13. Pauze 5 sek]]>
    </line>
    <line>
      <![CDATA[14. Spiež uz pirmā rezultāta]]>
    </line>
    <line>
      <![CDATA[15. Pauze 5 sek]]>
    </line>
    <line>
      <![CDATA[16. Spiež uz 2023 datiem]]>
    </line>
    <line>
      <![CDATA[17. Aiziet uz datumu kad pēdējo reizi mainīts]]>
    </line>
    <line>
      <![CDATA[18. Spiež Datu API]]>
    </line>
    <line>
      <![CDATA[19. Pauze 2 sek]]>
    </line>
    <line>
      <![CDATA[ Lapa ir aizvērta]]>
    </line>
    <line>
      <![CDATA[Edge ir palaists]]>
    </line>
    <line>
      <![CDATA[1. Chrome LADP lapa ir atvērta]]>
    </line>
    <line>
      <![CDATA[2. Atrod meklēšanas lauku]]>
    </line>
    <line>
      <![CDATA[3. Ievada vakances]]>
    </line>
    <line>
      <![CDATA[4. Spiež meklēt]]>
    </line>
    <line>
      <![CDATA[5. Pauze 5 sec]]>
    </line>
    <line>
      <![CDATA[6. Spiež pirmo rezultātu/vakances]]>
    </line>
    <line>
      <![CDATA[7. Spiež uz pirmo resursu]]>
    </line>
    <line>
      <![CDATA[8. Aiziet uz datumu kad pēdējo reizi mainīts]]>
    </line>
    <line>
      <![CDATA[9. Spiež breadcrumb home]]>
    </line>
    <line>
      <![CDATA[10. Pauze 5 sek]]>
    </line>
    <line>
      <![CDATA[11. Meklē Izsludinātie iepirkumi (e-konkursi)]]>
    </line>
    <line>
      <![CDATA[12. Spiež meklēt]]>
    </line>
    <line>
      <![CDATA[13. Pauze 5 sek]]>
    </line>
    <line>
      <![CDATA[14. Spiež uz pirmā rezultāta]]>
    </line>
    <line>
      <![CDATA[15. Pauze 5 sek]]>
    </line>
    <line>
      <![CDATA[16. Spiež uz 2023 datiem]]>
    </line>
    <line>
      <![CDATA[17. Aiziet uz datumu kad pēdējo reizi mainīts]]>
    </line>
    <line>
      <![CDATA[18. Spiež Datu API]]>
    </line>
    <line>
      <![CDATA[19. Pauze 2 sek]]>
    </line>
    <line>
      <![CDATA[ Lapa ir aizvērta]]>
    </line>
    <line>
      <![CDATA[Chrome ir palaists]]>
    </line>
    <line>
      <![CDATA[1. Chrome LADP lapa ir atvērta]]>
    </line>
    <line>
      <![CDATA[2. Atrod meklēšanas lauku]]>
    </line>
    <line>
      <![CDATA[3. Ievada vakances]]>
    </line>
    <line>
      <![CDATA[4. Spiež meklēt]]>
    </line>
    <line>
      <![CDATA[5. Pauze 5 sec]]>
    </line>
    <line>
      <![CDATA[6. Spiež pirmo rezultātu/vakances]]>
    </line>
    <line>
      <![CDATA[7. Spiež uz pirmo resursu]]>
    </line>
    <line>
      <![CDATA[8. Aiziet uz datumu kad pēdējo reizi mainīts]]>
    </line>
    <line>
      <![CDATA[9. Spiež breadcrumb home]]>
    </line>
    <line>
      <![CDATA[10. Pauze 5 sek]]>
    </line>
    <line>
      <![CDATA[11. Meklē Izsludinātie iepirkumi (e-konkursi)]]>
    </line>
    <line>
      <![CDATA[12. Spiež meklēt]]>
    </line>
    <line>
      <![CDATA[13. Pauze 5 sek]]>
    </line>
    <line>
      <![CDATA[14. Spiež uz pirmā rezultāta]]>
    </line>
    <line>
      <![CDATA[15. Pauze 5 sek]]>
    </line>
    <line>
      <![CDATA[16. Spiež uz 2023 datiem]]>
    </line>
    <line>
      <![CDATA[17. Aiziet uz datumu kad pēdējo reizi mainīts]]>
    </line>
    <line>
      <![CDATA[18. Spiež Datu API]]>
    </line>
    <line>
      <![CDATA[19. Pauze 2 sek]]>
    </line>
    <line>
      <![CDATA[ Lapa ir aizvērta]]>
    </line>
    <line>
      <![CDATA[Firefox ir palaists]]>
    </line>
    <line>
      <![CDATA[1. Chrome RAIM lapa ir atvērta]]>
    </line>
    <line>
      <![CDATA[2. Sīkdatnes apstiprinātas ]]>
    </line>
    <line>
      <![CDATA[3. Izvēlas Iedzīvotāju skaits (PMLP)]]>
    </line>
    <line>
      <![CDATA[4. Atver /list]]>
    </line>
    <line>
      <![CDATA[5. Spiež lejuplādēt ]]>
    </line>
    <line>
      <![CDATA[6. Pauze 5 sec]]>
    </line>
    <line>
      <![CDATA[7. Spiež atlasīt]]>
    </line>
    <line>
      <![CDATA[8. Atver /thematic-analysis]]>
    </line>
    <line>
      <![CDATA[9. Spiež Par ES fondu...]]>
    </line>
    <line>
      <![CDATA[10. Pauze 3 sec]]>
    </line>
    <line>
      <![CDATA[ Lapa ir aizvērta]]>
    </line>
    <line>
      <![CDATA[Chrome ir palaists]]>
    </line>
    <line>
      <![CDATA[1. Chrome RAIM lapa ir atvērta]]>
    </line>
    <line>
      <![CDATA[2. Sīkdatnes apstiprinātas ]]>
    </line>
    <line>
      <![CDATA[3. Izvēlas Iedzīvotāju skaits (PMLP)]]>
    </line>
    <line>
      <![CDATA[4. Atver /list]]>
    </line>
    <line>
      <![CDATA[5. Spiež lejuplādēt ]]>
    </line>
    <line>
      <![CDATA[6. Pauze 5 sec]]>
    </line>
    <line>
      <![CDATA[7. Spiež atlasīt]]>
    </line>
    <line>
      <![CDATA[8. Atver /thematic-analysis]]>
    </line>
    <line>
      <![CDATA[9. Spiež Par ES fondu...]]>
    </line>
    <line>
      <![CDATA[10. Pauze 3 sec]]>
    </line>
    <line>
      <![CDATA[ Lapa ir aizvērta]]>
    </line>
    <line>
      <![CDATA[Edge ir palaists]]>
    </line>
    <line>
      <![CDATA[1. Chrome RAIM lapa ir atvērta]]>
    </line>
    <line>
      <![CDATA[2. Sīkdatnes apstiprinātas ]]>
    </line>
    <line>
      <![CDATA[3. Izvēlas Iedzīvotāju skaits (PMLP)]]>
    </line>
    <line>
      <![CDATA[4. Atver /list]]>
    </line>
    <line>
      <![CDATA[5. Spiež lejuplādēt ]]>
    </line>
    <line>
      <![CDATA[6. Pauze 5 sec]]>
    </line>
    <line>
      <![CDATA[7. Spiež atlasīt]]>
    </line>
    <line>
      <![CDATA[8. Atver /thematic-analysis]]>
    </line>
    <line>
      <![CDATA[9. Spiež Par ES fondu...]]>
    </line>
    <line>
      <![CDATA[10. Pauze 3 sec]]>
    </line>
    <line>
      <![CDATA[ Lapa ir aizvērta]]>
    </line>
  </reporter-output>
  <suite started-at="2023-10-06T14:59:15 EEST" name="Default Suite" finished-at="2023-10-06T15:02:32 EEST" duration-ms="196815">
    <groups>
    </groups>
    <test started-at="2023-10-06T14:59:15 EEST" name="AUTOtestiem2" finished-at="2023-10-06T15:02:32 EEST" duration-ms="196815">
      <class name="RUN_ALL.RAIM_POM_TMONS">
        <test-method signature="Raim_Fire_TMON()[pri:1, instance:RUN_ALL.RAIM_POM_TMONS@152aa092]" started-at="2023-10-06T15:01:20 EEST" name="Raim_Fire_TMON" finished-at="2023-10-06T15:01:51 EEST" duration-ms="31502" status="PASS">
          <reporter-output>
            <line>
              <![CDATA[Firefox ir palaists]]>
            </line>
            <line>
              <![CDATA[1. Chrome RAIM lapa ir atvērta]]>
            </line>
            <line>
              <![CDATA[2. Sīkdatnes apstiprinātas ]]>
            </line>
            <line>
              <![CDATA[3. Izvēlas Iedzīvotāju skaits (PMLP)]]>
            </line>
            <line>
              <![CDATA[4. Atver /list]]>
            </line>
            <line>
              <![CDATA[5. Spiež lejuplādēt ]]>
            </line>
            <line>
              <![CDATA[6. Pauze 5 sec]]>
            </line>
            <line>
              <![CDATA[7. Spiež atlasīt]]>
            </line>
            <line>
              <![CDATA[8. Atver /thematic-analysis]]>
            </line>
            <line>
              <![CDATA[9. Spiež Par ES fondu...]]>
            </line>
            <line>
              <![CDATA[10. Pauze 3 sec]]>
            </line>
            <line>
              <![CDATA[ Lapa ir aizvērta]]>
            </line>
          </reporter-output>
        </test-method> <!-- Raim_Fire_TMON -->
        <test-method signature="Raim_Crome_TMON()[pri:2, instance:RUN_ALL.RAIM_POM_TMONS@152aa092]" started-at="2023-10-06T15:01:51 EEST" name="Raim_Crome_TMON" finished-at="2023-10-06T15:02:08 EEST" duration-ms="17298" status="PASS">
          <reporter-output>
            <line>
              <![CDATA[Chrome ir palaists]]>
            </line>
            <line>
              <![CDATA[1. Chrome RAIM lapa ir atvērta]]>
            </line>
            <line>
              <![CDATA[2. Sīkdatnes apstiprinātas ]]>
            </line>
            <line>
              <![CDATA[3. Izvēlas Iedzīvotāju skaits (PMLP)]]>
            </line>
            <line>
              <![CDATA[4. Atver /list]]>
            </line>
            <line>
              <![CDATA[5. Spiež lejuplādēt ]]>
            </line>
            <line>
              <![CDATA[6. Pauze 5 sec]]>
            </line>
            <line>
              <![CDATA[7. Spiež atlasīt]]>
            </line>
            <line>
              <![CDATA[8. Atver /thematic-analysis]]>
            </line>
            <line>
              <![CDATA[9. Spiež Par ES fondu...]]>
            </line>
            <line>
              <![CDATA[10. Pauze 3 sec]]>
            </line>
            <line>
              <![CDATA[ Lapa ir aizvērta]]>
            </line>
          </reporter-output>
        </test-method> <!-- Raim_Crome_TMON -->
        <test-method signature="Raim_Edge_TMON()[pri:3, instance:RUN_ALL.RAIM_POM_TMONS@152aa092]" started-at="2023-10-06T15:02:08 EEST" name="Raim_Edge_TMON" finished-at="2023-10-06T15:02:32 EEST" duration-ms="23281" status="PASS">
          <reporter-output>
            <line>
              <![CDATA[Edge ir palaists]]>
            </line>
            <line>
              <![CDATA[1. Chrome RAIM lapa ir atvērta]]>
            </line>
            <line>
              <![CDATA[2. Sīkdatnes apstiprinātas ]]>
            </line>
            <line>
              <![CDATA[3. Izvēlas Iedzīvotāju skaits (PMLP)]]>
            </line>
            <line>
              <![CDATA[4. Atver /list]]>
            </line>
            <line>
              <![CDATA[5. Spiež lejuplādēt ]]>
            </line>
            <line>
              <![CDATA[6. Pauze 5 sec]]>
            </line>
            <line>
              <![CDATA[7. Spiež atlasīt]]>
            </line>
            <line>
              <![CDATA[8. Atver /thematic-analysis]]>
            </line>
            <line>
              <![CDATA[9. Spiež Par ES fondu...]]>
            </line>
            <line>
              <![CDATA[10. Pauze 3 sec]]>
            </line>
            <line>
              <![CDATA[ Lapa ir aizvērta]]>
            </line>
          </reporter-output>
        </test-method> <!-- Raim_Edge_TMON -->
      </class> <!-- RUN_ALL.RAIM_POM_TMONS -->
      <class name="RUN_ALL.LADP_POM_TMONS">
        <test-method signature="LADP_FireTmons()[pri:1, instance:RUN_ALL.LADP_POM_TMONS@8317c52]" started-at="2023-10-06T14:59:15 EEST" name="LADP_FireTmons" finished-at="2023-10-06T15:00:08 EEST" duration-ms="52805" status="PASS">
          <reporter-output>
            <line>
              <![CDATA[Firefox ir palaists]]>
            </line>
            <line>
              <![CDATA[1. Chrome LADP lapa ir atvērta]]>
            </line>
            <line>
              <![CDATA[2. Atrod meklēšanas lauku]]>
            </line>
            <line>
              <![CDATA[3. Ievada vakances]]>
            </line>
            <line>
              <![CDATA[4. Spiež meklēt]]>
            </line>
            <line>
              <![CDATA[5. Pauze 5 sec]]>
            </line>
            <line>
              <![CDATA[6. Spiež pirmo rezultātu/vakances]]>
            </line>
            <line>
              <![CDATA[7. Spiež uz pirmo resursu]]>
            </line>
            <line>
              <![CDATA[8. Aiziet uz datumu kad pēdējo reizi mainīts]]>
            </line>
            <line>
              <![CDATA[9. Spiež breadcrumb home]]>
            </line>
            <line>
              <![CDATA[10. Pauze 5 sek]]>
            </line>
            <line>
              <![CDATA[11. Meklē Izsludinātie iepirkumi (e-konkursi)]]>
            </line>
            <line>
              <![CDATA[12. Spiež meklēt]]>
            </line>
            <line>
              <![CDATA[13. Pauze 5 sek]]>
            </line>
            <line>
              <![CDATA[14. Spiež uz pirmā rezultāta]]>
            </line>
            <line>
              <![CDATA[15. Pauze 5 sek]]>
            </line>
            <line>
              <![CDATA[16. Spiež uz 2023 datiem]]>
            </line>
            <line>
              <![CDATA[17. Aiziet uz datumu kad pēdējo reizi mainīts]]>
            </line>
            <line>
              <![CDATA[18. Spiež Datu API]]>
            </line>
            <line>
              <![CDATA[19. Pauze 2 sek]]>
            </line>
            <line>
              <![CDATA[ Lapa ir aizvērta]]>
            </line>
          </reporter-output>
        </test-method> <!-- LADP_FireTmons -->
        <test-method signature="LADP_EdgeTmons()[pri:2, instance:RUN_ALL.LADP_POM_TMONS@8317c52]" started-at="2023-10-06T15:00:08 EEST" name="LADP_EdgeTmons" finished-at="2023-10-06T15:00:53 EEST" duration-ms="45418" status="PASS">
          <reporter-output>
            <line>
              <![CDATA[Edge ir palaists]]>
            </line>
            <line>
              <![CDATA[1. Chrome LADP lapa ir atvērta]]>
            </line>
            <line>
              <![CDATA[2. Atrod meklēšanas lauku]]>
            </line>
            <line>
              <![CDATA[3. Ievada vakances]]>
            </line>
            <line>
              <![CDATA[4. Spiež meklēt]]>
            </line>
            <line>
              <![CDATA[5. Pauze 5 sec]]>
            </line>
            <line>
              <![CDATA[6. Spiež pirmo rezultātu/vakances]]>
            </line>
            <line>
              <![CDATA[7. Spiež uz pirmo resursu]]>
            </line>
            <line>
              <![CDATA[8. Aiziet uz datumu kad pēdējo reizi mainīts]]>
            </line>
            <line>
              <![CDATA[9. Spiež breadcrumb home]]>
            </line>
            <line>
              <![CDATA[10. Pauze 5 sek]]>
            </line>
            <line>
              <![CDATA[11. Meklē Izsludinātie iepirkumi (e-konkursi)]]>
            </line>
            <line>
              <![CDATA[12. Spiež meklēt]]>
            </line>
            <line>
              <![CDATA[13. Pauze 5 sek]]>
            </line>
            <line>
              <![CDATA[14. Spiež uz pirmā rezultāta]]>
            </line>
            <line>
              <![CDATA[15. Pauze 5 sek]]>
            </line>
            <line>
              <![CDATA[16. Spiež uz 2023 datiem]]>
            </line>
            <line>
              <![CDATA[17. Aiziet uz datumu kad pēdējo reizi mainīts]]>
            </line>
            <line>
              <![CDATA[18. Spiež Datu API]]>
            </line>
            <line>
              <![CDATA[19. Pauze 2 sek]]>
            </line>
            <line>
              <![CDATA[ Lapa ir aizvērta]]>
            </line>
          </reporter-output>
        </test-method> <!-- LADP_EdgeTmons -->
        <test-method signature="LADP_chromeTmons()[pri:3, instance:RUN_ALL.LADP_POM_TMONS@8317c52]" started-at="2023-10-06T15:00:53 EEST" name="LADP_chromeTmons" finished-at="2023-10-06T15:01:20 EEST" duration-ms="26169" status="PASS">
          <reporter-output>
            <line>
              <![CDATA[Chrome ir palaists]]>
            </line>
            <line>
              <![CDATA[1. Chrome LADP lapa ir atvērta]]>
            </line>
            <line>
              <![CDATA[2. Atrod meklēšanas lauku]]>
            </line>
            <line>
              <![CDATA[3. Ievada vakances]]>
            </line>
            <line>
              <![CDATA[4. Spiež meklēt]]>
            </line>
            <line>
              <![CDATA[5. Pauze 5 sec]]>
            </line>
            <line>
              <![CDATA[6. Spiež pirmo rezultātu/vakances]]>
            </line>
            <line>
              <![CDATA[7. Spiež uz pirmo resursu]]>
            </line>
            <line>
              <![CDATA[8. Aiziet uz datumu kad pēdējo reizi mainīts]]>
            </line>
            <line>
              <![CDATA[9. Spiež breadcrumb home]]>
            </line>
            <line>
              <![CDATA[10. Pauze 5 sek]]>
            </line>
            <line>
              <![CDATA[11. Meklē Izsludinātie iepirkumi (e-konkursi)]]>
            </line>
            <line>
              <![CDATA[12. Spiež meklēt]]>
            </line>
            <line>
              <![CDATA[13. Pauze 5 sek]]>
            </line>
            <line>
              <![CDATA[14. Spiež uz pirmā rezultāta]]>
            </line>
            <line>
              <![CDATA[15. Pauze 5 sek]]>
            </line>
            <line>
              <![CDATA[16. Spiež uz 2023 datiem]]>
            </line>
            <line>
              <![CDATA[17. Aiziet uz datumu kad pēdējo reizi mainīts]]>
            </line>
            <line>
              <![CDATA[18. Spiež Datu API]]>
            </line>
            <line>
              <![CDATA[19. Pauze 2 sek]]>
            </line>
            <line>
              <![CDATA[ Lapa ir aizvērta]]>
            </line>
          </reporter-output>
        </test-method> <!-- LADP_chromeTmons -->
      </class> <!-- RUN_ALL.LADP_POM_TMONS -->
    </test> <!-- AUTOtestiem2 -->
  </suite> <!-- Default Suite -->
</testng-results>
